\BOOKMARK [0][-]{chapter.1}{Introdu\347\343o}{}
\BOOKMARK [0][-]{chapter.2}{Fundamentos}{}
\BOOKMARK [1][-]{section.2.1}{Web of Things - WoT}{chapter.2}
\BOOKMARK [2][-]{subsection.2.1.1}{N\363s como Recursos RESTful}{section.2.1}
\BOOKMARK [1][-]{section.2.2}{Android}{chapter.2}
\BOOKMARK [1][-]{section.2.3}{Sistema para Reconhecimento da Fala}{chapter.2}
\BOOKMARK [2][-]{subsection.2.3.1}{Extra\347\343o de Par\342metros do Sinal}{section.2.3}
\BOOKMARK [2][-]{subsection.2.3.2}{Modelagem Ac\372stica}{section.2.3}
\BOOKMARK [2][-]{subsection.2.3.3}{Modelo de Linguagem}{section.2.3}
\BOOKMARK [2][-]{subsection.2.3.4}{Decodifica\347\343o}{section.2.3}
\BOOKMARK [1][-]{section.2.4}{Arduino}{chapter.2}
\BOOKMARK [0][-]{chapter.3}{Funcionamento do Sistema}{}
\BOOKMARK [1][-]{section.3.1}{Rede de Atuadores e Sensores Sem Fio \(RASSF\)}{chapter.3}
\BOOKMARK [1][-]{section.3.2}{Smart Gateway \(SG\)}{chapter.3}
\BOOKMARK [2][-]{subsection.3.2.1}{Camada de Apresenta\347\343o}{section.3.2}
\BOOKMARK [2][-]{subsection.3.2.2}{Camada de Controle}{section.3.2}
\BOOKMARK [2][-]{subsection.3.2.3}{Camada de Abstra\347\343o}{section.3.2}
\BOOKMARK [1][-]{section.3.3}{Aplica\347\343o}{chapter.3}
\BOOKMARK [2][-]{subsection.3.3.1}{Cliente REST para Android}{section.3.3}
\BOOKMARK [2][-]{subsection.3.3.2}{Sistema de Reconhecimento de Fala no Android}{section.3.3}
\BOOKMARK [0][-]{chapter.4}{Trabalhos Correlatos}{}
\BOOKMARK [0][-]{chapter.5}{Conclus\343o}{}
\BOOKMARK [1][-]{section.5.1}{Trabalhos Futuros}{chapter.5}
\BOOKMARK [0][-]{section.5.1}{Refer\352ncias Bibliogr\341ficas}{}
